# JRE version: Java(TM) SE Runtime Environment (21.0.7+8) (build 21.0.7+8-LTS-245)
# Java VM: Java HotSpot(TM) 64-Bit Server VM (21.0.7+8-LTS-245, mixed mode, emulated-client, sharing, tiered, compressed oops, compressed class ptrs, g1 gc, windows-amd64)
GC Precious Log:
 CardTable entry size: 512
 Card Set container configuration: InlinePtr #cards 5 size 8 Array Of Cards #cards 12 size 40 Howl #buckets 4 coarsen threshold 1843 Howl Bitmap #cards 512 size 80 coarsen threshold 460 Card regions per heap region 1 cards per card region 2048
 CPUs: 10 total, 10 available
 Memory: 7896M
 Large Page Support: Disabled
 NUMA Support: Disabled
 Compressed Oops: Enabled (32-bit)
 Heap Region Size: 1M
 Heap Min Capacity: 8M
 Heap Initial Capacity: 124M
 Heap Max Capacity: 1G
 Pre-touch: Disabled
 Parallel Workers: 9
 Concurrent Workers: 2
 Concurrent Refinement Workers: 9
 Periodic GC: Disabled
Heap:
 garbage-first heap   total 87040K, used 35300K [0x00000000c0000000, 0x0000000100000000)
  region size 1024K, 1 young (1024K), 0 survivors (0K)
 Metaspace       used 55546K, committed 56256K, reserved 1114112K
  class space    used 6852K, committed 7168K, reserved 1048576K
GC Heap History (20 events):
Event: 1401.658 GC heap after
{Heap after GC invocations=130 (full 106):
 garbage-first heap   total 87040K, used 38258K [0x00000000c0000000, 0x0000000100000000)
  region size 1024K, 3 young (3072K), 3 survivors (3072K)
 Metaspace       used 55618K, committed 56256K, reserved 1114112K
  class space    used 6875K, committed 7168K, reserved 1048576K
}
Event: 1449.380 GC heap before
{Heap before GC invocations=131 (full 106):
 garbage-first heap   total 87040K, used 74098K [0x00000000c0000000, 0x0000000100000000)
  region size 1024K, 38 young (38912K), 3 survivors (3072K)
 Metaspace       used 55643K, committed 56256K, reserved 1114112K
  class space    used 6877K, committed 7168K, reserved 1048576K
}
Event: 1449.383 GC heap after
{Heap after GC invocations=132 (full 106):
 garbage-first heap   total 87040K, used 37146K [0x00000000c0000000, 0x0000000100000000)
  region size 1024K, 2 young (2048K), 2 survivors (2048K)
 Metaspace       used 55643K, committed 56256K, reserved 1114112K
  class space    used 6877K, committed 7168K, reserved 1048576K
}
Event: 1453.889 GC heap before
{Heap before GC invocations=132 (full 106):
 garbage-first heap   total 87040K, used 76058K [0x00000000c0000000, 0x0000000100000000)
  region size 1024K, 40 young (40960K), 2 survivors (2048K)
 Metaspace       used 55643K, committed 56256K, reserved 1114112K
  class space    used 6877K, committed 7168K, reserved 1048576K
}
Event: 1453.894 GC heap after
{Heap after GC invocations=133 (full 106):
 garbage-first heap   total 87040K, used 36699K [0x00000000c0000000, 0x0000000100000000)
  region size 1024K, 2 young (2048K), 2 survivors (2048K)
 Metaspace       used 55643K, committed 56256K, reserved 1114112K
  class space    used 6877K, committed 7168K, reserved 1048576K
}
Event: 1504.125 GC heap before
{Heap before GC invocations=133 (full 106):
 garbage-first heap   total 87040K, used 40795K [0x00000000c0000000, 0x0000000100000000)
  region size 1024K, 7 young (7168K), 2 survivors (2048K)
 Metaspace       used 55643K, committed 56256K, reserved 1114112K
  class space    used 6877K, committed 7168K, reserved 1048576K
}
Event: 1504.235 GC heap after
{Heap after GC invocations=134 (full 107):
 garbage-first heap   total 87040K, used 35884K [0x00000000c0000000, 0x0000000100000000)
  region size 1024K, 0 young (0K), 0 survivors (0K)
 Metaspace       used 55585K, committed 56256K, reserved 1114112K
  class space    used 6862K, committed 7168K, reserved 1048576K
}
Event: 1514.397 GC heap before
{Heap before GC invocations=134 (full 107):
 garbage-first heap   total 87040K, used 35884K [0x00000000c0000000, 0x0000000100000000)
  region size 1024K, 1 young (1024K), 0 survivors (0K)
 Metaspace       used 55585K, committed 56256K, reserved 1114112K
  class space    used 6862K, committed 7168K, reserved 1048576K
}
Event: 1514.435 GC heap after
{Heap after GC invocations=135 (full 108):
 garbage-first heap   total 87040K, used 35291K [0x00000000c0000000, 0x0000000100000000)
  region size 1024K, 0 young (0K), 0 survivors (0K)
 Metaspace       used 55546K, committed 56256K, reserved 1114112K
  class space    used 6852K, committed 7168K, reserved 1048576K
}
Event: 1524.594 GC heap before
{Heap before GC invocations=135 (full 108):
 garbage-first heap   total 87040K, used 35291K [0x00000000c0000000, 0x0000000100000000)
  region size 1024K, 1 young (1024K), 0 survivors (0K)
 Metaspace       used 55546K, committed 56256K, reserved 1114112K
  class space    used 6852K, committed 7168K, reserved 1048576K
}
Event: 1524.632 GC heap after
{Heap after GC invocations=136 (full 109):
 garbage-first heap   total 87040K, used 35299K [0x00000000c0000000, 0x0000000100000000)
  region size 1024K, 0 young (0K), 0 survivors (0K)
 Metaspace       used 55546K, committed 56256K, reserved 1114112K
  class space    used 6852K, committed 7168K, reserved 1048576K
}
Event: 1534.802 GC heap before
{Heap before GC invocations=136 (full 109):
 garbage-first heap   total 87040K, used 35299K [0x00000000c0000000, 0x0000000100000000)
  region size 1024K, 1 young (1024K), 0 survivors (0K)
 Metaspace       used 55546K, committed 56256K, reserved 1114112K
  class space    used 6852K, committed 7168K, reserved 1048576K
}
Event: 1534.841 GC heap after
{Heap after GC invocations=137 (full 110):
 garbage-first heap   total 87040K, used 35300K [0x00000000c0000000, 0x0000000100000000)
  region size 1024K, 0 young (0K), 0 survivors (0K)
 Metaspace       used 55546K, committed 56256K, reserved 1114112K
  class space    used 6852K, committed 7168K, reserved 1048576K
}
Event: 1545.027 GC heap before
{Heap before GC invocations=137 (full 110):
 garbage-first heap   total 87040K, used 35300K [0x00000000c0000000, 0x0000000100000000)
  region size 1024K, 1 young (1024K), 0 survivors (0K)
 Metaspace       used 55546K, committed 56256K, reserved 1114112K
  class space    used 6852K, committed 7168K, reserved 1048576K
}
Event: 1545.059 GC heap after
{Heap after GC invocations=138 (full 111):
 garbage-first heap   total 87040K, used 35300K [0x00000000c0000000, 0x0000000100000000)
  region size 1024K, 0 young (0K), 0 survivors (0K)
 Metaspace       used 55546K, committed 56256K, reserved 1114112K
  class space    used 6852K, committed 7168K, reserved 1048576K
}
Event: 1555.216 GC heap before
{Heap before GC invocations=138 (full 111):
 garbage-first heap   total 87040K, used 35300K [0x00000000c0000000, 0x0000000100000000)
  region size 1024K, 1 young (1024K), 0 survivors (0K)
 Metaspace       used 55546K, committed 56256K, reserved 1114112K
  class space    used 6852K, committed 7168K, reserved 1048576K
}
Event: 1555.246 GC heap after
{Heap after GC invocations=139 (full 112):
 garbage-first heap   total 87040K, used 35300K [0x00000000c0000000, 0x0000000100000000)
  region size 1024K, 0 young (0K), 0 survivors (0K)
 Metaspace       used 55546K, committed 56256K, reserved 1114112K
  class space    used 6852K, committed 7168K, reserved 1048576K
}
Event: 1565.477 GC heap before
{Heap before GC invocations=139 (full 112):
 garbage-first heap   total 87040K, used 35300K [0x00000000c0000000, 0x0000000100000000)
  region size 1024K, 1 young (1024K), 0 survivors (0K)
 Metaspace       used 55546K, committed 56256K, reserved 1114112K
  class space    used 6852K, committed 7168K, reserved 1048576K
}
Event: 1565.517 GC heap after
{Heap after GC invocations=140 (full 113):
 garbage-first heap   total 87040K, used 35300K [0x00000000c0000000, 0x0000000100000000)
  region size 1024K, 0 young (0K), 0 survivors (0K)
 Metaspace       used 55546K, committed 56256K, reserved 1114112K
  class space    used 6852K, committed 7168K, reserved 1048576K
}
Event: 1575.688 GC heap before
{Heap before GC invocations=140 (full 113):
 garbage-first heap   total 87040K, used 35300K [0x00000000c0000000, 0x0000000100000000)
  region size 1024K, 1 young (1024K), 0 survivors (0K)
 Metaspace       used 55546K, committed 56256K, reserved 1114112K
  class space    used 6852K, committed 7168K, reserved 1048576K
}

